Ex1 (OOP) Simulator log: stage B3.json,  Ex1_Calls_case_2_a.csv
0.0,OOP_Ex1_Elevator_Simulator
0.0,Simulated Building, Building [-10,100]
0) ex1.Elevator_A, Elev_, id,0,  speed, 3.0, open: 2.0,  start: 3.0, close: 2.0,  stop: 3.0
1) ex1.Elevator_A, Elev_, id,1,  speed, 7.0, open: 1.4285714285714286,  start: 2.142857142857143, close: 1.4285714285714286,  stop: 2.142857142857143

0.0,Simulated Period starTime,0.0,  endTime,200.56754743307536,  dt,1.0
0.0,Simulated  calls,Elevator log, size: 10
0.0,**** Simulation starts!! ****
1.0,Elevator call,0.437472729039321,0,-1,1,0, got allocated to elevator, 0
1.0,Elev,0,  arrived at src, 0, Elevator call,0.437472729039321,0,-1,2,0
1.0, elevID,0,  pos,0,  cmd, goto,-1
3.0,Elevator call,2.2094056301593525,0,-1,1,0, got allocated to elevator, 0
, elevID,0,  pos,0,  cmd, stop,0
11.0,Elev,0,  arrived at src, 0, Elevator call,2.2094056301593525,0,-1,2,0
11.0, elevID,0,  pos,0,  cmd, goto,-1
19.0,Elevator call,18.77299317966884,-1,-2,1,0, got allocated to elevator, 0
20.0,Elevator call,19.590869649656987,0,7,1,1, got allocated to elevator, 1
20.0,Elev,1,  arrived at src, 0, Elevator call,19.590869649656987,0,7,2,1
20.0, elevID,1,  pos,0,  cmd, goto,7
22.0,Elev,0,  arrived at dest, -1, this call is done!, Elevator call,0.437472729039321,0,-1,3,0, Done, dt, 21.56252727096068
22.0,Elev,0,  arrived at dest, -1, this call is done!, Elevator call,2.2094056301593525,0,-1,3,0, Done, dt, 19.790594369840647
22.0,Elev,0,  arrived at src, -1, Elevator call,18.77299317966884,-1,-2,2,0
22.0, elevID,0,  pos,-1,  cmd, goto,-2
29.0,Elev,1,  arrived at dest, 7, this call is done!, Elevator call,19.590869649656987,0,7,3,1, Done, dt, 9.409130350343013
30.0,Elevator call,29.579433566814906,0,1,1,1, got allocated to elevator, 1
30.0, elevID,1,  pos,7,  cmd, goto,0
33.0,Elev,0,  arrived at dest, -2, this call is done!, Elevator call,18.77299317966884,-1,-2,3,0, Done, dt, 14.227006820331159
34.0,Elevator call,33.242673193933555,10,0,1,0, got allocated to elevator, 0
34.0, elevID,0,  pos,-2,  cmd, goto,10
39.0,Elev,1,  arrived at src, 0, Elevator call,29.579433566814906,0,1,2,1
39.0, elevID,1,  pos,0,  cmd, goto,1
47.0,Elev,1,  arrived at dest, 1, this call is done!, Elevator call,29.579433566814906,0,1,3,1, Done, dt, 17.420566433185094
48.0,Elev,0,  arrived at src, 10, Elevator call,33.242673193933555,10,0,2,0
48.0, elevID,0,  pos,10,  cmd, goto,0
53.0,Elevator call,52.96277472128405,3,-1,1,0, got allocated to elevator, 0
, elevID,0,  pos,10,  cmd, stop,3
61.0,Elev,0,  arrived at src, 3, Elevator call,52.96277472128405,3,-1,2,0
61.0, elevID,0,  pos,3,  cmd, goto,0
65.0,Elevator call,64.38547514955395,2,-1,1,0, got allocated to elevator, 0
, elevID,0,  pos,3,  cmd, stop,2
72.0,Elev,0,  arrived at src, 2, Elevator call,64.38547514955395,2,-1,2,0
72.0, elevID,0,  pos,2,  cmd, goto,0
73.0,Elevator call,72.26161212799506,10,0,1,0, got allocated to elevator, 0
81.0,Elevator call,80.56754743307536,-1,-2,1,0, got allocated to elevator, 0
83.0,Elev,0,  arrived at dest, 0, this call is done!, Elevator call,33.242673193933555,10,0,3,0, Done, dt, 49.757326806066445
83.0, elevID,0,  pos,0,  cmd, goto,-1
94.0,Elev,0,  arrived at dest, -1, this call is done!, Elevator call,52.96277472128405,3,-1,3,0, Done, dt, 41.03722527871595
94.0,Elev,0,  arrived at dest, -1, this call is done!, Elevator call,64.38547514955395,2,-1,3,0, Done, dt, 29.614524850446045
94.0,Elev,0,  arrived at src, -1, Elevator call,80.56754743307536,-1,-2,2,0
94.0, elevID,0,  pos,-1,  cmd, goto,-2
105.0,Elev,0,  arrived at dest, -2, this call is done!, Elevator call,80.56754743307536,-1,-2,3,0, Done, dt, 24.43245256692464
105.0, elevID,0,  pos,-2,  cmd, goto,10
119.0,Elev,0,  arrived at src, 10, Elevator call,72.26161212799506,10,0,2,0
119.0, elevID,0,  pos,10,  cmd, goto,0
133.0,Elev,0,  arrived at dest, 0, this call is done!, Elevator call,72.26161212799506,10,0,3,0, Done, dt, 60.738387872004935
134.0,************* Simulation Ended ************
Code Owners,313327579,208849620,  Building_file,B3.json,  Calls,Ex1_Calls_case_2_a.csv
Total waiting time: 283.0,  average waiting time per call: 28.3,  unCompleted calls,0,  certificate, -474105181
